<?xml version="1.0" encoding="UTF-8"?>
<!-- Generated by org.testng.reporters.JUnitXMLReporter -->
<testsuite hostname="HQSWL-C035947" ignored="0" name="Test" tests="7" failures="0" timestamp="04 Aug 2019 18:43:07 GMT" time="4.903" errors="0">
  <testcase name="jiraAPI" time="1.929" classname="apiAutomation.basic6Jira1"/>
  <testcase name="jiraAPI1" time="0.118" classname="apiAutomation.basic6Jira1"/>
  <testcase name="test" time="0.407" classname="apiAutomation.Main"/>
  <testcase name="addBook" time="0.636" classname="apiAutomation.excelDriven"/>
  <testcase name="addBook" time="0.581" classname="apiAutomation.excelDriven"/>
  <testcase name="addBook" time="0.612" classname="apiAutomation.excelDriven"/>
  <testcase name="addBook" time="0.584" classname="apiAutomation.excelDriven"/>
</testsuite> <!-- Test -->
