<?xml version="1.0" encoding="UTF-8"?>
<testng-results skipped="0" failed="0" ignored="0" total="1" passed="1">
  <reporter-output>
  </reporter-output>
  <suite name="Default suite" duration-ms="1985" started-at="2019-08-04T17:39:18Z" finished-at="2019-08-04T17:39:20Z">
    <groups>
    </groups>
    <test name="Default test" duration-ms="1985" started-at="2019-08-04T17:39:18Z" finished-at="2019-08-04T17:39:20Z">
      <class name="basic6Jira1">
        <test-method status="PASS" signature="getData()[pri:0, instance:basic6Jira1@71318ec4]" name="getData" is-config="true" duration-ms="10" started-at="2019-08-04T17:39:18Z" finished-at="2019-08-04T17:39:18Z">
          <reporter-output>
          </reporter-output>
        </test-method> <!-- getData -->
        <test-method status="PASS" signature="jiraAPI()[pri:0, instance:basic6Jira1@71318ec4]" name="jiraAPI" duration-ms="1954" started-at="2019-08-04T17:39:18Z" finished-at="2019-08-04T17:39:20Z">
          <reporter-output>
          </reporter-output>
        </test-method> <!-- jiraAPI -->
      </class> <!-- basic6Jira1 -->
    </test> <!-- Default test -->
  </suite> <!-- Default suite -->
</testng-results>
